<?xml version="1.0" encoding="UTF-8"?>
<!-- Generated by org.testng.reporters.JUnitReportReporter -->
<testsuite hostname="Ankush" failures="0" tests="2" name="ethane.web.test.ethans_web_Testcript" time="12.383" errors="0" timestamp="2022-05-28T13:15:25 IST" skipped="0">
  <testcase classname="ethane.web.test.ethans_web_Testcript" name="puneclass" time="11.609"/>
  <system-out/>
  <testcase classname="ethane.web.test.ethans_web_Testcript" name="Automation_syllabus" time="0.774"/>
  <system-out/>
</testsuite> <!-- ethane.web.test.ethans_web_Testcript -->
